[0.008s] Invoking command in '/home/su/idle_ws/build/msgs': /usr/bin/cmake /home/su/idle_ws/src/msgs -DCMAKE_INSTALL_PREFIX=/home/su/idle_ws/install/msgs
[0.058s] -- The C compiler identification is GNU 11.4.0
[0.108s] -- The CXX compiler identification is GNU 11.4.0
[0.114s] -- Detecting C compiler ABI info
[0.181s] -- Detecting C compiler ABI info - done
[0.187s] -- Check for working C compiler: /usr/bin/cc - skipped
[0.187s] -- Detecting C compile features
[0.187s] -- Detecting C compile features - done
[0.189s] -- Detecting CXX compiler ABI info
[0.268s] -- Detecting CXX compiler ABI info - done
[0.274s] -- Check for working CXX compiler: /usr/bin/c++ - skipped
[0.274s] -- Detecting CXX compile features
[0.275s] -- Detecting CXX compile features - done
[0.286s] CMake Error at CMakeLists.txt:9 (find_package):
[0.286s]   By not providing "Findament_cmake.cmake" in CMAKE_MODULE_PATH this project
[0.286s]   has asked CMake to find a package configuration file provided by
[0.286s]   "ament_cmake", but CMake did not find one.
[0.286s] 
[0.287s]   Could not find a package configuration file provided by "ament_cmake" with
[0.287s]   any of the following names:
[0.287s] 
[0.287s]     ament_cmakeConfig.cmake
[0.287s]     ament_cmake-config.cmake
[0.287s] 
[0.287s]   Add the installation prefix of "ament_cmake" to CMAKE_PREFIX_PATH or set
[0.287s]   "ament_cmake_DIR" to a directory containing one of the above files.  If
[0.287s]   "ament_cmake" provides a separate development package or SDK, be sure it
[0.287s]   has been installed.
[0.287s] 
[0.287s] 
[0.287s] -- Configuring incomplete, errors occurred!
[0.287s] See also "/home/su/idle_ws/build/msgs/CMakeFiles/CMakeOutput.log".
[0.290s] Invoked command in '/home/su/idle_ws/build/msgs' returned '1': /usr/bin/cmake /home/su/idle_ws/src/msgs -DCMAKE_INSTALL_PREFIX=/home/su/idle_ws/install/msgs
